# JRE version: OpenJDK Runtime Environment (11.0.12+7) (build 11.0.12+7-b1504.28-7817840)
# Java VM: OpenJDK 64-Bit Server VM (11.0.12+7-b1504.28-7817840, mixed mode, tiered, compressed oops, g1 gc, windows-amd64)
Heap:
 garbage-first heap   total 131072K, used 70978K [0x0000000080000000, 0x0000000100000000)
  region size 1024K, 44 young (45056K), 3 survivors (3072K)
 Metaspace       used 48059K, capacity 49268K, committed 49408K, reserved 1093632K
  class space    used 6189K, capacity 6651K, committed 6656K, reserved 1048576K
GC Heap History (18 events):
Event: 9.222 GC heap before
{Heap before GC invocations=0 (full 0):
 garbage-first heap   total 131072K, used 20480K [0x0000000080000000, 0x0000000100000000)
  region size 1024K, 14 young (14336K), 0 survivors (0K)
 Metaspace       used 6724K, capacity 6921K, committed 7168K, reserved 1056768K
  class space    used 582K, capacity 650K, committed 768K, reserved 1048576K
}
Event: 9.231 GC heap after
{Heap after GC invocations=1 (full 0):
 garbage-first heap   total 131072K, used 8192K [0x0000000080000000, 0x0000000100000000)
  region size 1024K, 2 young (2048K), 2 survivors (2048K)
 Metaspace       used 6724K, capacity 6921K, committed 7168K, reserved 1056768K
  class space    used 582K, capacity 650K, committed 768K, reserved 1048576K
}
Event: 10.940 GC heap before
{Heap before GC invocations=1 (full 0):
 garbage-first heap   total 131072K, used 20480K [0x0000000080000000, 0x0000000100000000)
  region size 1024K, 14 young (14336K), 2 survivors (2048K)
 Metaspace       used 9860K, capacity 10114K, committed 10368K, reserved 1058816K
  class space    used 1028K, capacity 1102K, committed 1152K, reserved 1048576K
}
Event: 10.944 GC heap after
{Heap after GC invocations=2 (full 0):
 garbage-first heap   total 131072K, used 9080K [0x0000000080000000, 0x0000000100000000)
  region size 1024K, 2 young (2048K), 2 survivors (2048K)
 Metaspace       used 9860K, capacity 10114K, committed 10368K, reserved 1058816K
  class space    used 1028K, capacity 1102K, committed 1152K, reserved 1048576K
}
Event: 16.277 GC heap before
{Heap before GC invocations=2 (full 0):
 garbage-first heap   total 131072K, used 52088K [0x0000000080000000, 0x0000000100000000)
  region size 1024K, 44 young (45056K), 2 survivors (2048K)
 Metaspace       used 11047K, capacity 11317K, committed 11520K, reserved 1058816K
  class space    used 1170K, capacity 1247K, committed 1280K, reserved 1048576K
}
Event: 16.293 GC heap after
{Heap after GC invocations=3 (full 0):
 garbage-first heap   total 131072K, used 14222K [0x0000000080000000, 0x0000000100000000)
  region size 1024K, 6 young (6144K), 6 survivors (6144K)
 Metaspace       used 11047K, capacity 11317K, committed 11520K, reserved 1058816K
  class space    used 1170K, capacity 1247K, committed 1280K, reserved 1048576K
}
Event: 20.696 GC heap before
{Heap before GC invocations=3 (full 0):
 garbage-first heap   total 131072K, used 70542K [0x0000000080000000, 0x0000000100000000)
  region size 1024K, 61 young (62464K), 6 survivors (6144K)
 Metaspace       used 20517K, capacity 20907K, committed 21120K, reserved 1067008K
  class space    used 2526K, capacity 2678K, committed 2688K, reserved 1048576K
}
Event: 20.705 GC heap after
{Heap after GC invocations=4 (full 0):
 garbage-first heap   total 131072K, used 17405K [0x0000000080000000, 0x0000000100000000)
  region size 1024K, 8 young (8192K), 8 survivors (8192K)
 Metaspace       used 20517K, capacity 20907K, committed 21120K, reserved 1067008K
  class space    used 2526K, capacity 2678K, committed 2688K, reserved 1048576K
}
Event: 20.934 GC heap before
{Heap before GC invocations=4 (full 0):
 garbage-first heap   total 131072K, used 18429K [0x0000000080000000, 0x0000000100000000)
  region size 1024K, 10 young (10240K), 8 survivors (8192K)
 Metaspace       used 20726K, capacity 21134K, committed 21248K, reserved 1067008K
  class space    used 2550K, capacity 2711K, committed 2816K, reserved 1048576K
}
Event: 20.941 GC heap after
{Heap after GC invocations=5 (full 0):
 garbage-first heap   total 131072K, used 17621K [0x0000000080000000, 0x0000000100000000)
  region size 1024K, 4 young (4096K), 4 survivors (4096K)
 Metaspace       used 20726K, capacity 21134K, committed 21248K, reserved 1067008K
  class space    used 2550K, capacity 2711K, committed 2816K, reserved 1048576K
}
Event: 26.716 GC heap before
{Heap before GC invocations=6 (full 0):
 garbage-first heap   total 131072K, used 73941K [0x0000000080000000, 0x0000000100000000)
  region size 1024K, 59 young (60416K), 4 survivors (4096K)
 Metaspace       used 26869K, capacity 27425K, committed 27648K, reserved 1073152K
  class space    used 3504K, capacity 3733K, committed 3840K, reserved 1048576K
}
Event: 26.729 GC heap after
{Heap after GC invocations=7 (full 0):
 garbage-first heap   total 131072K, used 19645K [0x0000000080000000, 0x0000000100000000)
  region size 1024K, 6 young (6144K), 6 survivors (6144K)
 Metaspace       used 26869K, capacity 27425K, committed 27648K, reserved 1073152K
  class space    used 3504K, capacity 3733K, committed 3840K, reserved 1048576K
}
Event: 28.863 GC heap before
{Heap before GC invocations=7 (full 0):
 garbage-first heap   total 131072K, used 72893K [0x0000000080000000, 0x0000000100000000)
  region size 1024K, 59 young (60416K), 6 survivors (6144K)
 Metaspace       used 34957K, capacity 35783K, committed 35840K, reserved 1081344K
  class space    used 4540K, capacity 4839K, committed 4864K, reserved 1048576K
}
Event: 28.879 GC heap after
{Heap after GC invocations=8 (full 0):
 garbage-first heap   total 131072K, used 22962K [0x0000000080000000, 0x0000000100000000)
  region size 1024K, 6 young (6144K), 6 survivors (6144K)
 Metaspace       used 34957K, capacity 35783K, committed 35840K, reserved 1081344K
  class space    used 4540K, capacity 4839K, committed 4864K, reserved 1048576K
}
Event: 30.355 GC heap before
{Heap before GC invocations=9 (full 0):
 garbage-first heap   total 131072K, used 85426K [0x0000000080000000, 0x0000000100000000)
  region size 1024K, 65 young (66560K), 6 survivors (6144K)
 Metaspace       used 39815K, capacity 40770K, committed 41088K, reserved 1085440K
  class space    used 5104K, capacity 5431K, committed 5504K, reserved 1048576K
}
Event: 30.370 GC heap after
{Heap after GC invocations=10 (full 0):
 garbage-first heap   total 131072K, used 28135K [0x0000000080000000, 0x0000000100000000)
  region size 1024K, 9 young (9216K), 9 survivors (9216K)
 Metaspace       used 39815K, capacity 40770K, committed 41088K, reserved 1085440K
  class space    used 5104K, capacity 5431K, committed 5504K, reserved 1048576K
}
Event: 33.091 GC heap before
{Heap before GC invocations=10 (full 0):
 garbage-first heap   total 131072K, used 89575K [0x0000000080000000, 0x0000000100000000)
  region size 1024K, 69 young (70656K), 9 survivors (9216K)
 Metaspace       used 45361K, capacity 46404K, committed 46464K, reserved 1089536K
  class space    used 5843K, capacity 6235K, committed 6272K, reserved 1048576K
}
Event: 33.106 GC heap after
{Heap after GC invocations=11 (full 0):
 garbage-first heap   total 131072K, used 30018K [0x0000000080000000, 0x0000000100000000)
  region size 1024K, 3 young (3072K), 3 survivors (3072K)
 Metaspace       used 45361K, capacity 46404K, committed 46464K, reserved 1089536K
  class space    used 5843K, capacity 6235K, committed 6272K, reserved 1048576K
}

